
=== Thu Nov 28 21:55:54 2019

Packages were changed.
Update Mode: mergeDefaultDependencies

The following packages were added:
  com.unity.xr.management@3.0.3
The following packages were updated:
  com.unity.ide.vscode from version 1.0.7 to 1.1.2
  com.unity.test-framework from version 1.0.17 to 1.1.2
  com.unity.timeline from version 1.1.0 to 1.2.2

=== Mon Feb  3 20:36:32 2020

Packages were changed.
Update Mode: updateDependencies

The following packages were updated:
  com.unity.ide.vscode from version 1.1.3 to 1.1.4
  com.unity.postprocessing from version 2.1.7 to 2.3.0
  com.unity.probuilder from version 4.1.0 to 4.2.3
  com.unity.render-pipelines.universal from version 7.1.5 to 7.1.8
  com.unity.test-framework from version 1.1.2 to 1.1.9
  com.unity.timeline from version 1.2.6 to 1.2.10
  com.unity.visualeffectgraph from version 7.1.5 to 7.1.8
  com.unity.xr.management from version 3.0.3 to 3.0.5
